Arguments: 
  C:\nodejs\node.exe C:\Program Files (x86)\Yarn\bin\yarn.js init

PATH: 
  C:\Program Files (x86)\NVIDIA Corporation\PhysX\Common;F:\homestead.bat;F:\;C:\php;C:\Windows\system32;C:\Windows;C:\Windows\System32\Wbem;C:\Windows\System32\WindowsPowerShell\v1.0\;C:\Program Files\Microsoft SQL Server\120\Tools\Binn\;C:\Program Files\Microsoft\Web Platform Installer\;C:\Program Files\Microsoft SQL Server\130\Tools\Binn\;C:\Program Files\Git\cmd;C:\Ruby\bin;C:\Users\volko\AppData\Local\Microsoft\WindowsApps;C:\Users\volko\AppData\Roaming\npm;C:\ProgramData\ComposerSetup\bin;C:\Program Files (x86)\PuTTY\;C:\Users\volko\AppData\Local\atom\bin;C:\Users\volko\AppData\Roaming\Composer\vendor\bin;;C:\Program Files (x86)\Brackets\command;C:\Program Files\dotnet\;C:\Program Files (x86)\GitExtensions\;C:\Program Files (x86)\GtkSharp\2.12\bin;C:\Program Files (x86)\Skype\Phone\;C:\Program Files\Common Files\Autodesk Shared\;C:\WINDOWS\system32;C:\WINDOWS;C:\WINDOWS\System32\Wbem;C:\Program Files (x86)\Yarn\bin;C:\WINDOWS\system32;C:\WINDOWS;C:\WINDOWS\System32\Wbem;C:\WINDOWS\System32\WindowsPowerShell\v1.0\;C:\HashiCorp\Vagrant\bin;C:\nodejs\;C:\Users\volko\scoop\apps\yarn\current\Yarn\bin;C:\Users\volko\scoop\apps\yarn\current\bin;C:\Users\volko\scoop\shims;C:\Ruby\bin;C:\Users\volko\AppData\Local\Microsoft\WindowsApps;C:\Users\volko\AppData\Local\atom\bin;C:\Users\volko\AppData\Roaming\Composer\vendor\bin;C:\Program Files (x86)\Microsoft VS Code\bin;C:\Program Files\Microsoft VS Code Insiders\bin;C:\Users\volko\AppData\Local\Yarn\bin;C:\Program Files\Heroku\bin;C:\Users\volko\AppData\Local\Microsoft\WindowsApps;C:\Users\volko\AppData\Roaming\npm

Yarn version: 
  1.3.2

Node version: 
  9.3.0

Platform: 
  win32 x64

npm manifest: 
  No manifest

yarn manifest: 
  No manifest

Lockfile: 
  No lockfile

Trace: 
  Error: canceled
      at Interface.<anonymous> (C:\Program Files (x86)\Yarn\lib\cli.js:121045:13)
      at Interface.emit (events.js:159:13)
      at Interface._ttyWrite (readline.js:786:16)
      at ReadStream.onkeypress (readline.js:165:10)
      at ReadStream.emit (events.js:159:13)
      at emitKeys (internal/readline.js:420:14)
      at emitKeys.next (<anonymous>)
      at ReadStream.onData (readline.js:1022:36)
      at ReadStream.emit (events.js:159:13)
      at addChunk (_stream_readable.js:265:12)
